<?xml version="1.0" encoding="UTF-8"?>
<!-- Generated by org.testng.reporters.JUnitXMLReporter -->
<testsuite hostname="DESKTOP-55A3B8K" ignored="1" name="Default test" tests="1" failures="0" timestamp="2023-02-17T12:23:07 IST" time="0.096" errors="0">
  <testcase name="remove_duplicate" time="0.008" classname="com.pageobjectmodel.testng_framework.AlertTest"/>
  <testcase name="alertTest" time="0.0" classname="com.pageobjectmodel.testng_framework.AlertTest">
    <ignored/>
  </testcase> <!-- alertTest -->
</testsuite> <!-- Default test -->
