<?xml version="1.0" encoding="UTF-8"?>
<testng-results skipped="0" failed="0" ignored="0" total="2" passed="2">
  <reporter-output>
  </reporter-output>
  <suite name="Suite" duration-ms="22552" started-at="2023-04-09T12:39:48 IST" finished-at="2023-04-09T12:40:11 IST">
    <groups>
    </groups>
    <test name="Test" duration-ms="22552" started-at="2023-04-09T12:39:48 IST" finished-at="2023-04-09T12:40:11 IST">
      <class name="SeleniumGrid">
        <test-method status="PASS" signature="TestCase1()[pri:0, instance:SeleniumGrid@7d0587f1]" name="TestCase1" duration-ms="17754" started-at="2023-04-09T12:39:48 IST" finished-at="2023-04-09T12:40:06 IST">
          <reporter-output>
          </reporter-output>
        </test-method> <!-- TestCase1 -->
      </class> <!-- SeleniumGrid -->
      <class name="TestCase2FireFox">
        <test-method status="PASS" signature="TestCase2firefox()[pri:0, instance:TestCase2FireFox@71bbf57e]" name="TestCase2firefox" duration-ms="22490" started-at="2023-04-09T12:39:48 IST" finished-at="2023-04-09T12:40:11 IST">
          <reporter-output>
          </reporter-output>
        </test-method> <!-- TestCase2firefox -->
      </class> <!-- TestCase2FireFox -->
    </test> <!-- Test -->
  </suite> <!-- Suite -->
</testng-results>
