<?xml version="1.0" encoding="UTF-8"?>
<testng-results skipped="0" failed="0" ignored="1" total="2" passed="1">
  <reporter-output>
  </reporter-output>
  <suite name="Default suite" duration-ms="96" started-at="2023-02-17T12:23:07 IST" finished-at="2023-02-17T12:23:07 IST">
    <groups>
    </groups>
    <test name="Default test" duration-ms="96" started-at="2023-02-17T12:23:07 IST" finished-at="2023-02-17T12:23:07 IST">
      <class name="com.pageobjectmodel.testng_framework.AlertTest">
        <test-method status="PASS" signature="remove_duplicate()[pri:0, instance:com.pageobjectmodel.testng_framework.AlertTest@7d70d1b1]" name="remove_duplicate" duration-ms="8" started-at="2023-02-17T12:23:07 IST" finished-at="2023-02-17T12:23:07 IST">
          <reporter-output>
          </reporter-output>
        </test-method> <!-- remove_duplicate -->
      </class> <!-- com.pageobjectmodel.testng_framework.AlertTest -->
    </test> <!-- Default test -->
  </suite> <!-- Default suite -->
</testng-results>
